[+] Containers:
 |- [+] Container: /Game/FirstPerson/Maps/FirstPersonMap
 |   |- [+] ActorDescs:
 |   |   |- Guid:0B366D4946852AE3966DEB94F153A2EC NativeClass:/Script/Engine.StaticMeshActor Name:StaticMeshActor_UAID_047C16D70B8D0F9C02_2120556872 Label:SM_Cube7 SpatiallyLoaded:true EditorBounds:IsValid=true, Min=(X=1650.000 Y=1220.000 Z=0.000), Max=(X=1750.000 Y=2920.000 Z=400.000) RuntimeBounds:IsValid=true, Min=(X=1650.000 Y=1220.000 Z=0.000), Max=(X=1750.000 Y=2920.000 Z=400.000) RuntimeGrid:None EditorOnly:false RuntimeOnly:false HLODRelevant:true ListedInSceneOutliner:true IsMainWorldOnly:false FolderPath:Playground FolderGuid:6C02BB504B69D1F3D7A624B130C18E5B
 |   |   |- Guid:0EDB289B45CB7E0977A6DBA74201EE76 NativeClass:/Script/Engine.StaticMeshActor Name:StaticMeshActor_10 Label:SM_Cube6 SpatiallyLoaded:true EditorBounds:IsValid=true, Min=(X=2900.000 Y=460.000 Z=0.000), Max=(X=3000.000 Y=2910.000 Z=400.000) RuntimeBounds:IsValid=true, Min=(X=2900.000 Y=460.000 Z=0.000), Max=(X=3000.000 Y=2910.000 Z=400.000) RuntimeGrid:None EditorOnly:false RuntimeOnly:false HLODRelevant:true ListedInSceneOutliner:true IsMainWorldOnly:false FolderPath:Playground FolderGuid:6C02BB504B69D1F3D7A624B130C18E5B
 |   |   |- Guid:20230FDF4D9EEA0075C348BEF255A6EB NativeClass:/Script/Engine.StaticMeshActor Name:StaticMeshActor_UAID_047C16D70B8D109C02_1366975052 Label:SM_Cube10 SpatiallyLoaded:true EditorBounds:IsValid=true, Min=(X=1524.000 Y=4220.000 Z=0.000), Max=(X=2199.000 Y=4320.000 Z=400.000) RuntimeBounds:IsValid=true, Min=(X=1524.000 Y=4220.000 Z=0.000), Max=(X=2199.000 Y=4320.000 Z=400.000) RuntimeGrid:None EditorOnly:false RuntimeOnly:false HLODRelevant:true ListedInSceneOutliner:true IsMainWorldOnly:false FolderPath:Playground FolderGuid:6C02BB504B69D1F3D7A624B130C18E5B
 |   |   |- Guid:21262252453B37957EF29F82ABA2413B NativeClass:/Script/Engine.TextRenderActor Name:TextRenderActor_1 Label:TextRenderActor SpatiallyLoaded:true EditorBounds:IsValid=true, Min=(X=-0.100 Y=1100.000 Z=65.013), Max=(X=-0.100 Y=2363.461 Z=215.013) RuntimeBounds:IsValid=true, Min=(X=-0.100 Y=1100.000 Z=65.013), Max=(X=-0.100 Y=2363.461 Z=215.013) RuntimeGrid:None EditorOnly:false RuntimeOnly:false HLODRelevant:false ListedInSceneOutliner:true IsMainWorldOnly:false
 |   |   |- Guid:240E136648924CF1469AD8BB44207479 NativeClass:/Script/Engine.StaticMeshActor Name:StaticMeshActor_UAID_047C16D70B8D109C02_1239288050 Label:SM_Cube8 SpatiallyLoaded:true EditorBounds:IsValid=true, Min=(X=2544.000 Y=2820.000 Z=0.000), Max=(X=3094.000 Y=2920.000 Z=400.000) RuntimeBounds:IsValid=true, Min=(X=2544.000 Y=2820.000 Z=0.000), Max=(X=3094.000 Y=2920.000 Z=400.000) RuntimeGrid:None EditorOnly:false RuntimeOnly:false HLODRelevant:true ListedInSceneOutliner:true IsMainWorldOnly:false FolderPath:Playground FolderGuid:6C02BB504B69D1F3D7A624B130C18E5B
 |   |   |- Guid:27C3350D443B6C0F7AF7858E150AA72D BaseClass:/Game/DoorLoop_BP.DoorLoop_BP_C NativeClass:/Script/Engine.Actor Name:DoorLoop_BP_C_UAID_047C16D70B8D119C02_1316450234 Label:DoorLoop_BP SpatiallyLoaded:true EditorBounds:IsValid=true, Min=(X=2205.000 Y=4196.700 Z=0.000), Max=(X=2555.000 Y=4323.300 Z=300.000) RuntimeBounds:IsValid=true, Min=(X=2205.000 Y=4196.700 Z=0.000), Max=(X=2555.000 Y=4323.300 Z=300.000) RuntimeGrid:None EditorOnly:false RuntimeOnly:false HLODRelevant:false ListedInSceneOutliner:true IsMainWorldOnly:false
 |   |   |- Guid:38CCD99B45147D7037F7F4BD4FF174E2 NativeClass:/Script/Engine.StaticMeshActor Name:StaticMeshActor_UAID_047C16D70B8D159C02_2009267944 Label:SM_ChamferCube SpatiallyLoaded:true EditorBounds:IsValid=true, Min=(X=460.000 Y=675.000 Z=2.500), Max=(X=560.000 Y=1025.000 Z=277.500) RuntimeBounds:IsValid=true, Min=(X=460.000 Y=675.000 Z=2.500), Max=(X=560.000 Y=1025.000 Z=277.500) RuntimeGrid:None EditorOnly:false RuntimeOnly:false HLODRelevant:true ListedInSceneOutliner:true IsMainWorldOnly:false
 |   |   |- Guid:5250C7484D20CFBBA6892C848FFE46EC NativeClass:/Script/Engine.StaticMeshActor Name:StaticMeshActor_UAID_047C16D70B8D159C02_1936230941 Label:SM_Cube15 SpatiallyLoaded:true EditorBounds:IsValid=true, Min=(X=454.000 Y=230.000 Z=0.000), Max=(X=554.000 Y=680.000 Z=400.000) RuntimeBounds:IsValid=true, Min=(X=454.000 Y=230.000 Z=0.000), Max=(X=554.000 Y=680.000 Z=400.000) RuntimeGrid:None EditorOnly:false RuntimeOnly:false HLODRelevant:true ListedInSceneOutliner:true IsMainWorldOnly:false FolderPath:Playground FolderGuid:6C02BB504B69D1F3D7A624B130C18E5B
 |   |   |- Guid:5FE7584649BB6F09265329A6C57CFD0D NativeClass:/Script/Engine.VolumetricCloud Name:VolumetricCloud_0 Label:VolumetricCloud SpatiallyLoaded:false EditorBounds:IsValid=true, Min=(X=0.000 Y=0.000 Z=820.000), Max=(X=0.000 Y=0.000 Z=820.000) RuntimeBounds:IsValid=true, Min=(X=0.000 Y=0.000 Z=820.000), Max=(X=0.000 Y=0.000 Z=820.000) RuntimeGrid:None EditorOnly:false RuntimeOnly:false HLODRelevant:false ListedInSceneOutliner:true IsMainWorldOnly:false FolderPath:Lighting FolderGuid:0BA5F0A04EADB18E70D5B180D08FA34B
 |   |   |- Guid:61391D344900612A77DFC3BA3E354907 NativeClass:/Script/Engine.ExponentialHeightFog Name:ExponentialHeightFog_0 Label:ExponentialHeightFog SpatiallyLoaded:false EditorBounds:IsValid=true, Min=(X=-5600.000 Y=-50.000 Z=-6850.000), Max=(X=-5600.000 Y=-50.000 Z=-6850.000) RuntimeBounds:IsValid=true, Min=(X=-5600.000 Y=-50.000 Z=-6850.000), Max=(X=-5600.000 Y=-50.000 Z=-6850.000) RuntimeGrid:None EditorOnly:false RuntimeOnly:false HLODRelevant:false ListedInSceneOutliner:true IsMainWorldOnly:false FolderPath:Lighting FolderGuid:0BA5F0A04EADB18E70D5B180D08FA34B
 |   |   |- Guid:6883BD344E9F027ED70050B1C5819EA9 NativeClass:/Script/Engine.TargetPoint Name:TargetPoint_UAID_047C16D70B8D119C02_1088448233 Label:LoopStart SpatiallyLoaded:true EditorBounds:IsValid=true, Min=(X=772.000 Y=722.000 Z=-35.987), Max=(X=1028.000 Y=978.000 Z=220.013) RuntimeBounds:IsValid=true, Min=(X=900.000 Y=850.000 Z=92.013), Max=(X=900.000 Y=850.000 Z=92.013) RuntimeGrid:None EditorOnly:false RuntimeOnly:false HLODRelevant:false ListedInSceneOutliner:true IsMainWorldOnly:false
 |   |   |- Guid:6C9E3A874CF5A33E9CE589BB41067188 NativeClass:/Script/Engine.StaticMeshActor Name:StaticMeshActor_UAID_047C16D70B8D109C02_1378107053 Label:SM_Cube11 SpatiallyLoaded:true EditorBounds:IsValid=true, Min=(X=2554.000 Y=4210.000 Z=0.000), Max=(X=3004.000 Y=4310.000 Z=400.000) RuntimeBounds:IsValid=true, Min=(X=2554.000 Y=4210.000 Z=0.000), Max=(X=3004.000 Y=4310.000 Z=400.000) RuntimeGrid:None EditorOnly:false RuntimeOnly:false HLODRelevant:true ListedInSceneOutliner:true IsMainWorldOnly:false FolderPath:Playground FolderGuid:6C02BB504B69D1F3D7A624B130C18E5B
 |   |   |- Guid:6FEFB3BD4EB37B849EF0D4AC80F83855 NativeClass:/Script/Engine.WorldDataLayers Name:WorldDataLayers Label:WorldDataLayers SpatiallyLoaded:false EditorBounds:IsValid=true, Min=(X=0.000 Y=0.000 Z=0.000), Max=(X=0.000 Y=0.000 Z=0.000) RuntimeBounds:IsValid=true, Min=(X=0.000 Y=0.000 Z=0.000), Max=(X=0.000 Y=0.000 Z=0.000) RuntimeGrid:None EditorOnly:false RuntimeOnly:false HLODRelevant:false ListedInSceneOutliner:true IsMainWorldOnly:true
 |   |   |- Guid:78CAF7514C7533F30BD2F19A017AAB65 NativeClass:/Script/Engine.StaticMeshActor Name:StaticMeshActor_0 Label:SM_Cube SpatiallyLoaded:true EditorBounds:IsValid=true, Min=(X=400.000 Y=410.000 Z=-50.000), Max=(X=3050.000 Y=6785.000 Z=0.000) RuntimeBounds:IsValid=true, Min=(X=400.000 Y=410.000 Z=-50.000), Max=(X=3050.000 Y=6785.000 Z=0.000) RuntimeGrid:None EditorOnly:false RuntimeOnly:false HLODRelevant:true ListedInSceneOutliner:true IsMainWorldOnly:false FolderPath:Playground FolderGuid:6C02BB504B69D1F3D7A624B130C18E5B
 |   |   |- Guid:90B7B8D3420C2EABA931D3A6A69DF696 NativeClass:/Script/Engine.StaticMeshActor Name:StaticMeshActor_3 Label:SM_Cube2 SpatiallyLoaded:true EditorBounds:IsValid=true, Min=(X=500.000 Y=460.000 Z=0.000), Max=(X=2900.000 Y=560.000 Z=400.000) RuntimeBounds:IsValid=true, Min=(X=500.000 Y=460.000 Z=0.000), Max=(X=2900.000 Y=560.000 Z=400.000) RuntimeGrid:None EditorOnly:false RuntimeOnly:false HLODRelevant:true ListedInSceneOutliner:true IsMainWorldOnly:false FolderPath:Playground FolderGuid:6C02BB504B69D1F3D7A624B130C18E5B
 |   |   |- Guid:9FD9AFA747131E80C62120A183A328CA NativeClass:/Script/Engine.StaticMeshActor Name:StaticMeshActor_UAID_047C16D70B8D109C02_1323798051 Label:SM_Cube9 SpatiallyLoaded:true EditorBounds:IsValid=true, Min=(X=2740.000 Y=2890.000 Z=0.000), Max=(X=2840.000 Y=4240.000 Z=400.000) RuntimeBounds:IsValid=true, Min=(X=2740.000 Y=2890.000 Z=0.000), Max=(X=2840.000 Y=4240.000 Z=400.000) RuntimeGrid:None EditorOnly:false RuntimeOnly:false HLODRelevant:true ListedInSceneOutliner:true IsMainWorldOnly:false FolderPath:Playground FolderGuid:6C02BB504B69D1F3D7A624B130C18E5B
 |   |   |- Guid:A354B1B24E617A525DC6B48CCDE2417E NativeClass:/Script/Engine.PlayerStart Name:PlayerStart_0 Label:PlayerStart SpatiallyLoaded:false EditorBounds:IsValid=true, Min=(X=860.000 Y=810.000 Z=0.013), Max=(X=940.000 Y=890.000 Z=184.013) RuntimeBounds:IsValid=true, Min=(X=860.000 Y=810.000 Z=0.013), Max=(X=940.000 Y=890.000 Z=184.013) RuntimeGrid:None EditorOnly:false RuntimeOnly:false HLODRelevant:false ListedInSceneOutliner:true IsMainWorldOnly:false
 |   |   |- Guid:B0CDBD8740DB5824B3ABB38630F3AD94 NativeClass:/Script/Engine.StaticMeshActor Name:StaticMeshActor_UAID_047C16D70B8D159C02_1936232942 Label:SM_Cube16 SpatiallyLoaded:true EditorBounds:IsValid=true, Min=(X=464.000 Y=1035.000 Z=0.000), Max=(X=564.000 Y=1710.000 Z=400.000) RuntimeBounds:IsValid=true, Min=(X=464.000 Y=1035.000 Z=0.000), Max=(X=564.000 Y=1710.000 Z=400.000) RuntimeGrid:None EditorOnly:false RuntimeOnly:false HLODRelevant:true ListedInSceneOutliner:true IsMainWorldOnly:false FolderPath:Playground FolderGuid:6C02BB504B69D1F3D7A624B130C18E5B
 |   |   |- Guid:B9AD1A714663D929A0C5B08143EE4F39 NativeClass:/Script/Engine.StaticMeshActor Name:StaticMeshActor_UAID_047C16D70B8D109C02_1538597055 Label:SM_Cube13 SpatiallyLoaded:true EditorBounds:IsValid=true, Min=(X=1920.000 Y=2890.000 Z=0.000), Max=(X=2020.000 Y=3690.000 Z=400.000) RuntimeBounds:IsValid=true, Min=(X=1920.000 Y=2890.000 Z=0.000), Max=(X=2020.000 Y=3690.000 Z=400.000) RuntimeGrid:None EditorOnly:false RuntimeOnly:false HLODRelevant:true ListedInSceneOutliner:true IsMainWorldOnly:false FolderPath:Playground FolderGuid:6C02BB504B69D1F3D7A624B130C18E5B
 |   |   |- Guid:C0C56B9644AE3D40CAFF6A878DB29844 NativeClass:/Script/Engine.StaticMeshActor Name:StaticMeshActor_UAID_A4AE111137DC5EFB00_2001720423 Label:SM_SkySphere SpatiallyLoaded:false EditorBounds:IsValid=true, Min=(X=-1638400.000 Y=-1638400.000 Z=-1638400.000), Max=(X=1638400.000 Y=1638400.000 Z=1638400.000) RuntimeBounds:IsValid=true, Min=(X=-1638400.000 Y=-1638400.000 Z=-1638400.000), Max=(X=1638400.000 Y=1638400.000 Z=1638400.000) RuntimeGrid:None EditorOnly:false RuntimeOnly:false HLODRelevant:true ListedInSceneOutliner:true IsMainWorldOnly:false FolderPath:Lighting FolderGuid:0BA5F0A04EADB18E70D5B180D08FA34B
 |   |   |- Guid:C22CE07C4B87D685137FDBBC10FC92C6 NativeClass:/Script/Engine.SkyAtmosphere Name:SkyAtmosphere_0 Label:SkyAtmosphere SpatiallyLoaded:false EditorBounds:IsValid=true, Min=(X=0.000 Y=0.000 Z=1020.000), Max=(X=0.000 Y=0.000 Z=1020.000) RuntimeBounds:IsValid=true, Min=(X=0.000 Y=0.000 Z=1020.000), Max=(X=0.000 Y=0.000 Z=1020.000) RuntimeGrid:None EditorOnly:false RuntimeOnly:false HLODRelevant:false ListedInSceneOutliner:true IsMainWorldOnly:false FolderPath:Lighting FolderGuid:0BA5F0A04EADB18E70D5B180D08FA34B
 |   |   |- Guid:C2E0A298443BC645D0770EAA18A2B56B NativeClass:/Script/Engine.StaticMeshActor Name:StaticMeshActor_UAID_047C16D70B8D109C02_1487774054 Label:SM_Cube12 SpatiallyLoaded:true EditorBounds:IsValid=true, Min=(X=1450.000 Y=2730.000 Z=0.000), Max=(X=1550.000 Y=4430.000 Z=400.000) RuntimeBounds:IsValid=true, Min=(X=1450.000 Y=2730.000 Z=0.000), Max=(X=1550.000 Y=4430.000 Z=400.000) RuntimeGrid:None EditorOnly:false RuntimeOnly:false HLODRelevant:true ListedInSceneOutliner:true IsMainWorldOnly:false FolderPath:Playground FolderGuid:6C02BB504B69D1F3D7A624B130C18E5B
 |   |   |- Guid:CE8D82634660FCDB3120E2B8D547C533 NativeClass:/Script/Engine.PostProcessVolume Name:PostProcessVolume_0 Label:PostProcessVolume SpatiallyLoaded:false EditorBounds:IsValid=true, Min=(X=0.000 Y=0.000 Z=400.000), Max=(X=200.000 Y=200.000 Z=600.000) RuntimeBounds:IsValid=true, Min=(X=0.000 Y=0.000 Z=400.000), Max=(X=200.000 Y=200.000 Z=600.000) RuntimeGrid:None EditorOnly:false RuntimeOnly:false HLODRelevant:false ListedInSceneOutliner:true IsMainWorldOnly:false FolderPath:Lighting FolderGuid:0BA5F0A04EADB18E70D5B180D08FA34B
 |   |   |- Guid:DE4FAC134FA7364A39DC45AE00DE7557 NativeClass:/Script/Engine.StaticMeshActor Name:StaticMeshActor_UAID_047C16D70B8D109C02_1566433056 Label:SM_Cube14 SpatiallyLoaded:true EditorBounds:IsValid=true, Min=(X=1524.000 Y=3600.000 Z=0.000), Max=(X=2024.000 Y=3700.000 Z=400.000) RuntimeBounds:IsValid=true, Min=(X=1524.000 Y=3600.000 Z=0.000), Max=(X=2024.000 Y=3700.000 Z=400.000) RuntimeGrid:None EditorOnly:false RuntimeOnly:false HLODRelevant:true ListedInSceneOutliner:true IsMainWorldOnly:false FolderPath:Playground FolderGuid:6C02BB504B69D1F3D7A624B130C18E5B
 |   |   |- Guid:E5320C1B4FD9764CE7B54D8487AEC613 NativeClass:/Script/Engine.SkyLight Name:SkyLight_0 Label:SkyLight SpatiallyLoaded:false EditorBounds:IsValid=true, Min=(X=0.000 Y=0.000 Z=690.000), Max=(X=0.000 Y=0.000 Z=690.000) RuntimeBounds:IsValid=true, Min=(X=0.000 Y=0.000 Z=690.000), Max=(X=0.000 Y=0.000 Z=690.000) RuntimeGrid:None EditorOnly:false RuntimeOnly:false HLODRelevant:false ListedInSceneOutliner:true IsMainWorldOnly:false FolderPath:Lighting FolderGuid:0BA5F0A04EADB18E70D5B180D08FA34B
 |   |   |- Guid:F436F05D4B7414C6459A2E9A4C45F92B NativeClass:/Script/Engine.StaticMeshActor Name:StaticMeshActor_UAID_047C16D70B8D0F9C02_1950236871 Label:SM_Cube3 SpatiallyLoaded:true EditorBounds:IsValid=true, Min=(X=474.000 Y=1120.000 Z=0.000), Max=(X=1749.000 Y=1220.000 Z=400.000) RuntimeBounds:IsValid=true, Min=(X=474.000 Y=1120.000 Z=0.000), Max=(X=1749.000 Y=1220.000 Z=400.000) RuntimeGrid:None EditorOnly:false RuntimeOnly:false HLODRelevant:true ListedInSceneOutliner:true IsMainWorldOnly:false FolderPath:Playground FolderGuid:6C02BB504B69D1F3D7A624B130C18E5B
 |   |   |- Guid:F71D260C446F2BC173CB9090C9DD1ED0 NativeClass:/Script/Engine.StaticMeshActor Name:StaticMeshActor_UAID_047C16D70B8D109C02_1186786049 Label:SM_Cube4 SpatiallyLoaded:true EditorBounds:IsValid=true, Min=(X=1544.000 Y=2820.000 Z=0.000), Max=(X=2269.000 Y=2920.000 Z=400.000) RuntimeBounds:IsValid=true, Min=(X=1544.000 Y=2820.000 Z=0.000), Max=(X=2269.000 Y=2920.000 Z=400.000) RuntimeGrid:None EditorOnly:false RuntimeOnly:false HLODRelevant:true ListedInSceneOutliner:true IsMainWorldOnly:false FolderPath:Playground FolderGuid:6C02BB504B69D1F3D7A624B130C18E5B
 |   |   |- Guid:F80621C9446867154938FE81375207DA NativeClass:/Script/Engine.DirectionalLight Name:DirectionalLight_1 Label:DirectionalLight SpatiallyLoaded:false EditorBounds:IsValid=true, Min=(X=-1048576.000 Y=-1048576.000 Z=-1048576.000), Max=(X=1048576.000 Y=1048576.000 Z=1048576.000) RuntimeBounds:IsValid=true, Min=(X=-1048576.000 Y=-1048576.000 Z=-1048576.000), Max=(X=1048576.000 Y=1048576.000 Z=1048576.000) RuntimeGrid:None EditorOnly:false RuntimeOnly:false HLODRelevant:false ListedInSceneOutliner:true IsMainWorldOnly:false FolderPath:Lighting FolderGuid:0BA5F0A04EADB18E70D5B180D08FA34B
 |   |- [+] Clusters:
 |   |   |- [+] [  0]
 |   |   |   |- Guid:0B366D4946852AE3966DEB94F153A2EC NativeClass:/Script/Engine.StaticMeshActor Name:StaticMeshActor_UAID_047C16D70B8D0F9C02_2120556872 Label:SM_Cube7 SpatiallyLoaded:true EditorBounds:IsValid=true, Min=(X=1650.000 Y=1220.000 Z=0.000), Max=(X=1750.000 Y=2920.000 Z=400.000) RuntimeBounds:IsValid=true, Min=(X=1650.000 Y=1220.000 Z=0.000), Max=(X=1750.000 Y=2920.000 Z=400.000) RuntimeGrid:None EditorOnly:false RuntimeOnly:false HLODRelevant:true ListedInSceneOutliner:true IsMainWorldOnly:false FolderPath:Playground FolderGuid:6C02BB504B69D1F3D7A624B130C18E5B
 |   |   |- [+] [  1]
 |   |   |   |- Guid:0EDB289B45CB7E0977A6DBA74201EE76 NativeClass:/Script/Engine.StaticMeshActor Name:StaticMeshActor_10 Label:SM_Cube6 SpatiallyLoaded:true EditorBounds:IsValid=true, Min=(X=2900.000 Y=460.000 Z=0.000), Max=(X=3000.000 Y=2910.000 Z=400.000) RuntimeBounds:IsValid=true, Min=(X=2900.000 Y=460.000 Z=0.000), Max=(X=3000.000 Y=2910.000 Z=400.000) RuntimeGrid:None EditorOnly:false RuntimeOnly:false HLODRelevant:true ListedInSceneOutliner:true IsMainWorldOnly:false FolderPath:Playground FolderGuid:6C02BB504B69D1F3D7A624B130C18E5B
 |   |   |- [+] [  2]
 |   |   |   |- Guid:20230FDF4D9EEA0075C348BEF255A6EB NativeClass:/Script/Engine.StaticMeshActor Name:StaticMeshActor_UAID_047C16D70B8D109C02_1366975052 Label:SM_Cube10 SpatiallyLoaded:true EditorBounds:IsValid=true, Min=(X=1524.000 Y=4220.000 Z=0.000), Max=(X=2199.000 Y=4320.000 Z=400.000) RuntimeBounds:IsValid=true, Min=(X=1524.000 Y=4220.000 Z=0.000), Max=(X=2199.000 Y=4320.000 Z=400.000) RuntimeGrid:None EditorOnly:false RuntimeOnly:false HLODRelevant:true ListedInSceneOutliner:true IsMainWorldOnly:false FolderPath:Playground FolderGuid:6C02BB504B69D1F3D7A624B130C18E5B
 |   |   |- [+] [  3]
 |   |   |   |- Guid:21262252453B37957EF29F82ABA2413B NativeClass:/Script/Engine.TextRenderActor Name:TextRenderActor_1 Label:TextRenderActor SpatiallyLoaded:true EditorBounds:IsValid=true, Min=(X=-0.100 Y=1100.000 Z=65.013), Max=(X=-0.100 Y=2363.461 Z=215.013) RuntimeBounds:IsValid=true, Min=(X=-0.100 Y=1100.000 Z=65.013), Max=(X=-0.100 Y=2363.461 Z=215.013) RuntimeGrid:None EditorOnly:false RuntimeOnly:false HLODRelevant:false ListedInSceneOutliner:true IsMainWorldOnly:false
 |   |   |- [+] [  4]
 |   |   |   |- Guid:240E136648924CF1469AD8BB44207479 NativeClass:/Script/Engine.StaticMeshActor Name:StaticMeshActor_UAID_047C16D70B8D109C02_1239288050 Label:SM_Cube8 SpatiallyLoaded:true EditorBounds:IsValid=true, Min=(X=2544.000 Y=2820.000 Z=0.000), Max=(X=3094.000 Y=2920.000 Z=400.000) RuntimeBounds:IsValid=true, Min=(X=2544.000 Y=2820.000 Z=0.000), Max=(X=3094.000 Y=2920.000 Z=400.000) RuntimeGrid:None EditorOnly:false RuntimeOnly:false HLODRelevant:true ListedInSceneOutliner:true IsMainWorldOnly:false FolderPath:Playground FolderGuid:6C02BB504B69D1F3D7A624B130C18E5B
 |   |   |- [+] [  5]
 |   |   |   |- Guid:27C3350D443B6C0F7AF7858E150AA72D BaseClass:/Game/DoorLoop_BP.DoorLoop_BP_C NativeClass:/Script/Engine.Actor Name:DoorLoop_BP_C_UAID_047C16D70B8D119C02_1316450234 Label:DoorLoop_BP SpatiallyLoaded:true EditorBounds:IsValid=true, Min=(X=2205.000 Y=4196.700 Z=0.000), Max=(X=2555.000 Y=4323.300 Z=300.000) RuntimeBounds:IsValid=true, Min=(X=2205.000 Y=4196.700 Z=0.000), Max=(X=2555.000 Y=4323.300 Z=300.000) RuntimeGrid:None EditorOnly:false RuntimeOnly:false HLODRelevant:false ListedInSceneOutliner:true IsMainWorldOnly:false
 |   |   |- [+] [  6]
 |   |   |   |- Guid:38CCD99B45147D7037F7F4BD4FF174E2 NativeClass:/Script/Engine.StaticMeshActor Name:StaticMeshActor_UAID_047C16D70B8D159C02_2009267944 Label:SM_ChamferCube SpatiallyLoaded:true EditorBounds:IsValid=true, Min=(X=460.000 Y=675.000 Z=2.500), Max=(X=560.000 Y=1025.000 Z=277.500) RuntimeBounds:IsValid=true, Min=(X=460.000 Y=675.000 Z=2.500), Max=(X=560.000 Y=1025.000 Z=277.500) RuntimeGrid:None EditorOnly:false RuntimeOnly:false HLODRelevant:true ListedInSceneOutliner:true IsMainWorldOnly:false
 |   |   |- [+] [  7]
 |   |   |   |- Guid:5250C7484D20CFBBA6892C848FFE46EC NativeClass:/Script/Engine.StaticMeshActor Name:StaticMeshActor_UAID_047C16D70B8D159C02_1936230941 Label:SM_Cube15 SpatiallyLoaded:true EditorBounds:IsValid=true, Min=(X=454.000 Y=230.000 Z=0.000), Max=(X=554.000 Y=680.000 Z=400.000) RuntimeBounds:IsValid=true, Min=(X=454.000 Y=230.000 Z=0.000), Max=(X=554.000 Y=680.000 Z=400.000) RuntimeGrid:None EditorOnly:false RuntimeOnly:false HLODRelevant:true ListedInSceneOutliner:true IsMainWorldOnly:false FolderPath:Playground FolderGuid:6C02BB504B69D1F3D7A624B130C18E5B
 |   |   |- [+] [  8]
 |   |   |   |- Guid:5FE7584649BB6F09265329A6C57CFD0D NativeClass:/Script/Engine.VolumetricCloud Name:VolumetricCloud_0 Label:VolumetricCloud SpatiallyLoaded:false EditorBounds:IsValid=true, Min=(X=0.000 Y=0.000 Z=820.000), Max=(X=0.000 Y=0.000 Z=820.000) RuntimeBounds:IsValid=true, Min=(X=0.000 Y=0.000 Z=820.000), Max=(X=0.000 Y=0.000 Z=820.000) RuntimeGrid:None EditorOnly:false RuntimeOnly:false HLODRelevant:false ListedInSceneOutliner:true IsMainWorldOnly:false FolderPath:Lighting FolderGuid:0BA5F0A04EADB18E70D5B180D08FA34B
 |   |   |- [+] [  9]
 |   |   |   |- Guid:61391D344900612A77DFC3BA3E354907 NativeClass:/Script/Engine.ExponentialHeightFog Name:ExponentialHeightFog_0 Label:ExponentialHeightFog SpatiallyLoaded:false EditorBounds:IsValid=true, Min=(X=-5600.000 Y=-50.000 Z=-6850.000), Max=(X=-5600.000 Y=-50.000 Z=-6850.000) RuntimeBounds:IsValid=true, Min=(X=-5600.000 Y=-50.000 Z=-6850.000), Max=(X=-5600.000 Y=-50.000 Z=-6850.000) RuntimeGrid:None EditorOnly:false RuntimeOnly:false HLODRelevant:false ListedInSceneOutliner:true IsMainWorldOnly:false FolderPath:Lighting FolderGuid:0BA5F0A04EADB18E70D5B180D08FA34B
 |   |   |- [+] [ 10]
 |   |   |   |- Guid:6883BD344E9F027ED70050B1C5819EA9 NativeClass:/Script/Engine.TargetPoint Name:TargetPoint_UAID_047C16D70B8D119C02_1088448233 Label:LoopStart SpatiallyLoaded:true EditorBounds:IsValid=true, Min=(X=772.000 Y=722.000 Z=-35.987), Max=(X=1028.000 Y=978.000 Z=220.013) RuntimeBounds:IsValid=true, Min=(X=900.000 Y=850.000 Z=92.013), Max=(X=900.000 Y=850.000 Z=92.013) RuntimeGrid:None EditorOnly:false RuntimeOnly:false HLODRelevant:false ListedInSceneOutliner:true IsMainWorldOnly:false
 |   |   |- [+] [ 11]
 |   |   |   |- Guid:6C9E3A874CF5A33E9CE589BB41067188 NativeClass:/Script/Engine.StaticMeshActor Name:StaticMeshActor_UAID_047C16D70B8D109C02_1378107053 Label:SM_Cube11 SpatiallyLoaded:true EditorBounds:IsValid=true, Min=(X=2554.000 Y=4210.000 Z=0.000), Max=(X=3004.000 Y=4310.000 Z=400.000) RuntimeBounds:IsValid=true, Min=(X=2554.000 Y=4210.000 Z=0.000), Max=(X=3004.000 Y=4310.000 Z=400.000) RuntimeGrid:None EditorOnly:false RuntimeOnly:false HLODRelevant:true ListedInSceneOutliner:true IsMainWorldOnly:false FolderPath:Playground FolderGuid:6C02BB504B69D1F3D7A624B130C18E5B
 |   |   |- [+] [ 12]
 |   |   |   |- Guid:6FEFB3BD4EB37B849EF0D4AC80F83855 NativeClass:/Script/Engine.WorldDataLayers Name:WorldDataLayers Label:WorldDataLayers SpatiallyLoaded:false EditorBounds:IsValid=true, Min=(X=0.000 Y=0.000 Z=0.000), Max=(X=0.000 Y=0.000 Z=0.000) RuntimeBounds:IsValid=true, Min=(X=0.000 Y=0.000 Z=0.000), Max=(X=0.000 Y=0.000 Z=0.000) RuntimeGrid:None EditorOnly:false RuntimeOnly:false HLODRelevant:false ListedInSceneOutliner:true IsMainWorldOnly:true
 |   |   |- [+] [ 13]
 |   |   |   |- Guid:78CAF7514C7533F30BD2F19A017AAB65 NativeClass:/Script/Engine.StaticMeshActor Name:StaticMeshActor_0 Label:SM_Cube SpatiallyLoaded:true EditorBounds:IsValid=true, Min=(X=400.000 Y=410.000 Z=-50.000), Max=(X=3050.000 Y=6785.000 Z=0.000) RuntimeBounds:IsValid=true, Min=(X=400.000 Y=410.000 Z=-50.000), Max=(X=3050.000 Y=6785.000 Z=0.000) RuntimeGrid:None EditorOnly:false RuntimeOnly:false HLODRelevant:true ListedInSceneOutliner:true IsMainWorldOnly:false FolderPath:Playground FolderGuid:6C02BB504B69D1F3D7A624B130C18E5B
 |   |   |- [+] [ 14]
 |   |   |   |- Guid:90B7B8D3420C2EABA931D3A6A69DF696 NativeClass:/Script/Engine.StaticMeshActor Name:StaticMeshActor_3 Label:SM_Cube2 SpatiallyLoaded:true EditorBounds:IsValid=true, Min=(X=500.000 Y=460.000 Z=0.000), Max=(X=2900.000 Y=560.000 Z=400.000) RuntimeBounds:IsValid=true, Min=(X=500.000 Y=460.000 Z=0.000), Max=(X=2900.000 Y=560.000 Z=400.000) RuntimeGrid:None EditorOnly:false RuntimeOnly:false HLODRelevant:true ListedInSceneOutliner:true IsMainWorldOnly:false FolderPath:Playground FolderGuid:6C02BB504B69D1F3D7A624B130C18E5B
 |   |   |- [+] [ 15]
 |   |   |   |- Guid:9FD9AFA747131E80C62120A183A328CA NativeClass:/Script/Engine.StaticMeshActor Name:StaticMeshActor_UAID_047C16D70B8D109C02_1323798051 Label:SM_Cube9 SpatiallyLoaded:true EditorBounds:IsValid=true, Min=(X=2740.000 Y=2890.000 Z=0.000), Max=(X=2840.000 Y=4240.000 Z=400.000) RuntimeBounds:IsValid=true, Min=(X=2740.000 Y=2890.000 Z=0.000), Max=(X=2840.000 Y=4240.000 Z=400.000) RuntimeGrid:None EditorOnly:false RuntimeOnly:false HLODRelevant:true ListedInSceneOutliner:true IsMainWorldOnly:false FolderPath:Playground FolderGuid:6C02BB504B69D1F3D7A624B130C18E5B
 |   |   |- [+] [ 16]
 |   |   |   |- Guid:A354B1B24E617A525DC6B48CCDE2417E NativeClass:/Script/Engine.PlayerStart Name:PlayerStart_0 Label:PlayerStart SpatiallyLoaded:false EditorBounds:IsValid=true, Min=(X=860.000 Y=810.000 Z=0.013), Max=(X=940.000 Y=890.000 Z=184.013) RuntimeBounds:IsValid=true, Min=(X=860.000 Y=810.000 Z=0.013), Max=(X=940.000 Y=890.000 Z=184.013) RuntimeGrid:None EditorOnly:false RuntimeOnly:false HLODRelevant:false ListedInSceneOutliner:true IsMainWorldOnly:false
 |   |   |- [+] [ 17]
 |   |   |   |- Guid:B0CDBD8740DB5824B3ABB38630F3AD94 NativeClass:/Script/Engine.StaticMeshActor Name:StaticMeshActor_UAID_047C16D70B8D159C02_1936232942 Label:SM_Cube16 SpatiallyLoaded:true EditorBounds:IsValid=true, Min=(X=464.000 Y=1035.000 Z=0.000), Max=(X=564.000 Y=1710.000 Z=400.000) RuntimeBounds:IsValid=true, Min=(X=464.000 Y=1035.000 Z=0.000), Max=(X=564.000 Y=1710.000 Z=400.000) RuntimeGrid:None EditorOnly:false RuntimeOnly:false HLODRelevant:true ListedInSceneOutliner:true IsMainWorldOnly:false FolderPath:Playground FolderGuid:6C02BB504B69D1F3D7A624B130C18E5B
 |   |   |- [+] [ 18]
 |   |   |   |- Guid:B9AD1A714663D929A0C5B08143EE4F39 NativeClass:/Script/Engine.StaticMeshActor Name:StaticMeshActor_UAID_047C16D70B8D109C02_1538597055 Label:SM_Cube13 SpatiallyLoaded:true EditorBounds:IsValid=true, Min=(X=1920.000 Y=2890.000 Z=0.000), Max=(X=2020.000 Y=3690.000 Z=400.000) RuntimeBounds:IsValid=true, Min=(X=1920.000 Y=2890.000 Z=0.000), Max=(X=2020.000 Y=3690.000 Z=400.000) RuntimeGrid:None EditorOnly:false RuntimeOnly:false HLODRelevant:true ListedInSceneOutliner:true IsMainWorldOnly:false FolderPath:Playground FolderGuid:6C02BB504B69D1F3D7A624B130C18E5B
 |   |   |- [+] [ 19]
 |   |   |   |- Guid:C0C56B9644AE3D40CAFF6A878DB29844 NativeClass:/Script/Engine.StaticMeshActor Name:StaticMeshActor_UAID_A4AE111137DC5EFB00_2001720423 Label:SM_SkySphere SpatiallyLoaded:false EditorBounds:IsValid=true, Min=(X=-1638400.000 Y=-1638400.000 Z=-1638400.000), Max=(X=1638400.000 Y=1638400.000 Z=1638400.000) RuntimeBounds:IsValid=true, Min=(X=-1638400.000 Y=-1638400.000 Z=-1638400.000), Max=(X=1638400.000 Y=1638400.000 Z=1638400.000) RuntimeGrid:None EditorOnly:false RuntimeOnly:false HLODRelevant:true ListedInSceneOutliner:true IsMainWorldOnly:false FolderPath:Lighting FolderGuid:0BA5F0A04EADB18E70D5B180D08FA34B
 |   |   |- [+] [ 20]
 |   |   |   |- Guid:C22CE07C4B87D685137FDBBC10FC92C6 NativeClass:/Script/Engine.SkyAtmosphere Name:SkyAtmosphere_0 Label:SkyAtmosphere SpatiallyLoaded:false EditorBounds:IsValid=true, Min=(X=0.000 Y=0.000 Z=1020.000), Max=(X=0.000 Y=0.000 Z=1020.000) RuntimeBounds:IsValid=true, Min=(X=0.000 Y=0.000 Z=1020.000), Max=(X=0.000 Y=0.000 Z=1020.000) RuntimeGrid:None EditorOnly:false RuntimeOnly:false HLODRelevant:false ListedInSceneOutliner:true IsMainWorldOnly:false FolderPath:Lighting FolderGuid:0BA5F0A04EADB18E70D5B180D08FA34B
 |   |   |- [+] [ 21]
 |   |   |   |- Guid:C2E0A298443BC645D0770EAA18A2B56B NativeClass:/Script/Engine.StaticMeshActor Name:StaticMeshActor_UAID_047C16D70B8D109C02_1487774054 Label:SM_Cube12 SpatiallyLoaded:true EditorBounds:IsValid=true, Min=(X=1450.000 Y=2730.000 Z=0.000), Max=(X=1550.000 Y=4430.000 Z=400.000) RuntimeBounds:IsValid=true, Min=(X=1450.000 Y=2730.000 Z=0.000), Max=(X=1550.000 Y=4430.000 Z=400.000) RuntimeGrid:None EditorOnly:false RuntimeOnly:false HLODRelevant:true ListedInSceneOutliner:true IsMainWorldOnly:false FolderPath:Playground FolderGuid:6C02BB504B69D1F3D7A624B130C18E5B
 |   |   |- [+] [ 22]
 |   |   |   |- Guid:CE8D82634660FCDB3120E2B8D547C533 NativeClass:/Script/Engine.PostProcessVolume Name:PostProcessVolume_0 Label:PostProcessVolume SpatiallyLoaded:false EditorBounds:IsValid=true, Min=(X=0.000 Y=0.000 Z=400.000), Max=(X=200.000 Y=200.000 Z=600.000) RuntimeBounds:IsValid=true, Min=(X=0.000 Y=0.000 Z=400.000), Max=(X=200.000 Y=200.000 Z=600.000) RuntimeGrid:None EditorOnly:false RuntimeOnly:false HLODRelevant:false ListedInSceneOutliner:true IsMainWorldOnly:false FolderPath:Lighting FolderGuid:0BA5F0A04EADB18E70D5B180D08FA34B
 |   |   |- [+] [ 23]
 |   |   |   |- Guid:DE4FAC134FA7364A39DC45AE00DE7557 NativeClass:/Script/Engine.StaticMeshActor Name:StaticMeshActor_UAID_047C16D70B8D109C02_1566433056 Label:SM_Cube14 SpatiallyLoaded:true EditorBounds:IsValid=true, Min=(X=1524.000 Y=3600.000 Z=0.000), Max=(X=2024.000 Y=3700.000 Z=400.000) RuntimeBounds:IsValid=true, Min=(X=1524.000 Y=3600.000 Z=0.000), Max=(X=2024.000 Y=3700.000 Z=400.000) RuntimeGrid:None EditorOnly:false RuntimeOnly:false HLODRelevant:true ListedInSceneOutliner:true IsMainWorldOnly:false FolderPath:Playground FolderGuid:6C02BB504B69D1F3D7A624B130C18E5B
 |   |   |- [+] [ 24]
 |   |   |   |- Guid:E5320C1B4FD9764CE7B54D8487AEC613 NativeClass:/Script/Engine.SkyLight Name:SkyLight_0 Label:SkyLight SpatiallyLoaded:false EditorBounds:IsValid=true, Min=(X=0.000 Y=0.000 Z=690.000), Max=(X=0.000 Y=0.000 Z=690.000) RuntimeBounds:IsValid=true, Min=(X=0.000 Y=0.000 Z=690.000), Max=(X=0.000 Y=0.000 Z=690.000) RuntimeGrid:None EditorOnly:false RuntimeOnly:false HLODRelevant:false ListedInSceneOutliner:true IsMainWorldOnly:false FolderPath:Lighting FolderGuid:0BA5F0A04EADB18E70D5B180D08FA34B
 |   |   |- [+] [ 25]
 |   |   |   |- Guid:F436F05D4B7414C6459A2E9A4C45F92B NativeClass:/Script/Engine.StaticMeshActor Name:StaticMeshActor_UAID_047C16D70B8D0F9C02_1950236871 Label:SM_Cube3 SpatiallyLoaded:true EditorBounds:IsValid=true, Min=(X=474.000 Y=1120.000 Z=0.000), Max=(X=1749.000 Y=1220.000 Z=400.000) RuntimeBounds:IsValid=true, Min=(X=474.000 Y=1120.000 Z=0.000), Max=(X=1749.000 Y=1220.000 Z=400.000) RuntimeGrid:None EditorOnly:false RuntimeOnly:false HLODRelevant:true ListedInSceneOutliner:true IsMainWorldOnly:false FolderPath:Playground FolderGuid:6C02BB504B69D1F3D7A624B130C18E5B
 |   |   |- [+] [ 26]
 |   |   |   |- Guid:F71D260C446F2BC173CB9090C9DD1ED0 NativeClass:/Script/Engine.StaticMeshActor Name:StaticMeshActor_UAID_047C16D70B8D109C02_1186786049 Label:SM_Cube4 SpatiallyLoaded:true EditorBounds:IsValid=true, Min=(X=1544.000 Y=2820.000 Z=0.000), Max=(X=2269.000 Y=2920.000 Z=400.000) RuntimeBounds:IsValid=true, Min=(X=1544.000 Y=2820.000 Z=0.000), Max=(X=2269.000 Y=2920.000 Z=400.000) RuntimeGrid:None EditorOnly:false RuntimeOnly:false HLODRelevant:true ListedInSceneOutliner:true IsMainWorldOnly:false FolderPath:Playground FolderGuid:6C02BB504B69D1F3D7A624B130C18E5B
 |   |   |- [+] [ 27]
 |   |   |   |- Guid:F80621C9446867154938FE81375207DA NativeClass:/Script/Engine.DirectionalLight Name:DirectionalLight_1 Label:DirectionalLight SpatiallyLoaded:false EditorBounds:IsValid=true, Min=(X=-1048576.000 Y=-1048576.000 Z=-1048576.000), Max=(X=1048576.000 Y=1048576.000 Z=1048576.000) RuntimeBounds:IsValid=true, Min=(X=-1048576.000 Y=-1048576.000 Z=-1048576.000), Max=(X=1048576.000 Y=1048576.000 Z=1048576.000) RuntimeGrid:None EditorOnly:false RuntimeOnly:false HLODRelevant:false ListedInSceneOutliner:true IsMainWorldOnly:false FolderPath:Lighting FolderGuid:0BA5F0A04EADB18E70D5B180D08FA34B
 |- ContainerInstances:
 |- [+] MainContainer:
 |   |-        ID: 00000000000000000000000000000000
 |   |-  ParentID: 00000000000000000000000000000000
 |   |-    Bounds: IsValid=false, Min=(X=0.000 Y=0.000 Z=0.000), Max=(X=0.000 Y=0.000 Z=0.000)
 |   |- Transform: 0.000000,0.000000,0.000000|0.000000,0.000000,-0.000000|1.000000,1.000000,1.000000
 |   |- Container: /Game/FirstPerson/Maps/FirstPersonMap
----------------------------------------------------------------------------------------------------------------
FirstPersonMap - Persistent Level
----------------------------------------------------------------------------------------------------------------
[+] Content of FirstPersonMap Persistent Level
 |- Always loaded Actor Count: 28 
 |- Actor Path: /Game/FirstPerson/Maps/FirstPersonMap.FirstPersonMap:PersistentLevel.DirectionalLight_1
 |- Actor Package: /Game/__ExternalActors__/FirstPerson/Maps/FirstPersonMap/0/WB/V4ALNTJYOVWM8BU452CKV5
 |- Actor Path: /Game/FirstPerson/Maps/FirstPersonMap.FirstPersonMap:PersistentLevel.DoorLoop_BP_C_UAID_047C16D70B8D119C02_1316450234
 |- Actor Package: /Game/__ExternalActors__/FirstPerson/Maps/FirstPersonMap/0/RY/0YKK7INQV4A8J5639UB4JA
 |- Actor Path: /Game/FirstPerson/Maps/FirstPersonMap.FirstPersonMap:PersistentLevel.ExponentialHeightFog_0
 |- Actor Package: /Game/__ExternalActors__/FirstPerson/Maps/FirstPersonMap/0/CL/381LM03PFI8AF9NED1SEV2
 |- Actor Path: /Game/FirstPerson/Maps/FirstPersonMap.FirstPersonMap:PersistentLevel.PlayerStart_0
 |- Actor Package: /Game/__ExternalActors__/FirstPerson/Maps/FirstPersonMap/8/Z7/W1SXRCM1KAKBJOIZDLHZ47
 |- Actor Path: /Game/FirstPerson/Maps/FirstPersonMap.FirstPersonMap:PersistentLevel.PostProcessVolume_0
 |- Actor Package: /Game/__ExternalActors__/FirstPerson/Maps/FirstPersonMap/E/MX/R1GV431P5FDO08OFULRA01
 |- Actor Path: /Game/FirstPerson/Maps/FirstPersonMap.FirstPersonMap:PersistentLevel.SkyAtmosphere_0
 |- Actor Package: /Game/__ExternalActors__/FirstPerson/Maps/FirstPersonMap/C/VO/VMN4G7K3NKKV6F8HTPHHDB
 |- Actor Path: /Game/FirstPerson/Maps/FirstPersonMap.FirstPersonMap:PersistentLevel.SkyLight_0
 |- Actor Package: /Game/__ExternalActors__/FirstPerson/Maps/FirstPersonMap/6/0Z/5RQIHCZ9W3UXRGL4LTLQAK
 |- Actor Path: /Game/FirstPerson/Maps/FirstPersonMap.FirstPersonMap:PersistentLevel.StaticMeshActor_0
 |- Actor Package: /Game/__ExternalActors__/FirstPerson/Maps/FirstPersonMap/7/L5/1ZJ54FMA0DAL3I2Q8RFAIB
 |- Actor Path: /Game/FirstPerson/Maps/FirstPersonMap.FirstPersonMap:PersistentLevel.StaticMeshActor_10
 |- Actor Package: /Game/__ExternalActors__/FirstPerson/Maps/FirstPersonMap/A/XJ/HL558UUAGCS9HVVOI0S7PX
 |- Actor Path: /Game/FirstPerson/Maps/FirstPersonMap.FirstPersonMap:PersistentLevel.StaticMeshActor_3
 |- Actor Package: /Game/__ExternalActors__/FirstPerson/Maps/FirstPersonMap/3/AI/0XWE3RNM2XQC0ST1KXG02O
 |- Actor Path: /Game/FirstPerson/Maps/FirstPersonMap.FirstPersonMap:PersistentLevel.StaticMeshActor_UAID_047C16D70B8D0F9C02_1950236871
 |- Actor Package: /Game/__ExternalActors__/FirstPerson/Maps/FirstPersonMap/B/F5/EVLR9KADYULE8CLXBU8MUQ
 |- Actor Path: /Game/FirstPerson/Maps/FirstPersonMap.FirstPersonMap:PersistentLevel.StaticMeshActor_UAID_047C16D70B8D0F9C02_2120556872
 |- Actor Package: /Game/__ExternalActors__/FirstPerson/Maps/FirstPersonMap/D/N1/I5AE7S4KG8OMQPJH4S8KC9
 |- Actor Path: /Game/FirstPerson/Maps/FirstPersonMap.FirstPersonMap:PersistentLevel.StaticMeshActor_UAID_047C16D70B8D109C02_1186786049
 |- Actor Package: /Game/__ExternalActors__/FirstPerson/Maps/FirstPersonMap/9/R2/17KFH9RP2V3RPWWXD71411
 |- Actor Path: /Game/FirstPerson/Maps/FirstPersonMap.FirstPersonMap:PersistentLevel.StaticMeshActor_UAID_047C16D70B8D109C02_1239288050
 |- Actor Package: /Game/__ExternalActors__/FirstPerson/Maps/FirstPersonMap/E/24/B012D2I36K0X7ZK67XCO78
 |- Actor Path: /Game/FirstPerson/Maps/FirstPersonMap.FirstPersonMap:PersistentLevel.StaticMeshActor_UAID_047C16D70B8D109C02_1323798051
 |- Actor Package: /Game/__ExternalActors__/FirstPerson/Maps/FirstPersonMap/1/3X/GC0J86YQ2T5B4GSVGCUHLZ
 |- Actor Path: /Game/FirstPerson/Maps/FirstPersonMap.FirstPersonMap:PersistentLevel.StaticMeshActor_UAID_047C16D70B8D109C02_1366975052
 |- Actor Package: /Game/__ExternalActors__/FirstPerson/Maps/FirstPersonMap/1/X6/SLDSZ2SIZ1SVQQA90D6GVS
 |- Actor Path: /Game/FirstPerson/Maps/FirstPersonMap.FirstPersonMap:PersistentLevel.StaticMeshActor_UAID_047C16D70B8D109C02_1378107053
 |- Actor Package: /Game/__ExternalActors__/FirstPerson/Maps/FirstPersonMap/0/6W/9861H7UELUTHTZ2H087KG7
 |- Actor Path: /Game/FirstPerson/Maps/FirstPersonMap.FirstPersonMap:PersistentLevel.StaticMeshActor_UAID_047C16D70B8D109C02_1487774054
 |- Actor Package: /Game/__ExternalActors__/FirstPerson/Maps/FirstPersonMap/D/4G/PWD2RY70PMRXGIXT34W1G2
 |- Actor Path: /Game/FirstPerson/Maps/FirstPersonMap.FirstPersonMap:PersistentLevel.StaticMeshActor_UAID_047C16D70B8D109C02_1538597055
 |- Actor Package: /Game/__ExternalActors__/FirstPerson/Maps/FirstPersonMap/1/E0/CLIUN0X03VL1MCB57QVM6O
 |- Actor Path: /Game/FirstPerson/Maps/FirstPersonMap.FirstPersonMap:PersistentLevel.StaticMeshActor_UAID_047C16D70B8D109C02_1566433056
 |- Actor Package: /Game/__ExternalActors__/FirstPerson/Maps/FirstPersonMap/9/17/FP501DHI7R7PV7S1OJTY5Q
 |- Actor Path: /Game/FirstPerson/Maps/FirstPersonMap.FirstPersonMap:PersistentLevel.StaticMeshActor_UAID_047C16D70B8D159C02_1936230941
 |- Actor Package: /Game/__ExternalActors__/FirstPerson/Maps/FirstPersonMap/D/8M/6OKKDBM6W1KKCHRTC7W5KU
 |- Actor Path: /Game/FirstPerson/Maps/FirstPersonMap.FirstPersonMap:PersistentLevel.StaticMeshActor_UAID_047C16D70B8D159C02_1936232942
 |- Actor Package: /Game/__ExternalActors__/FirstPerson/Maps/FirstPersonMap/D/TP/B01Z5N9CP8XXN8K3J62J87
 |- Actor Path: /Game/FirstPerson/Maps/FirstPersonMap.FirstPersonMap:PersistentLevel.StaticMeshActor_UAID_047C16D70B8D159C02_2009267944
 |- Actor Package: /Game/__ExternalActors__/FirstPerson/Maps/FirstPersonMap/4/Z5/YKKD6TZ7VE362C0X0TY3CC
 |- Actor Path: /Game/FirstPerson/Maps/FirstPersonMap.FirstPersonMap:PersistentLevel.StaticMeshActor_UAID_A4AE111137DC5EFB00_2001720423
 |- Actor Package: /Game/__ExternalActors__/FirstPerson/Maps/FirstPersonMap/C/ZU/PDQ0AB8RLNMVID876FD49G
 |- Actor Path: /Game/FirstPerson/Maps/FirstPersonMap.FirstPersonMap:PersistentLevel.TargetPoint_UAID_047C16D70B8D119C02_1088448233
 |- Actor Package: /Game/__ExternalActors__/FirstPerson/Maps/FirstPersonMap/1/1L/IXTUJ654503ECWNQLMG4LX
 |- Actor Path: /Game/FirstPerson/Maps/FirstPersonMap.FirstPersonMap:PersistentLevel.TextRenderActor_1
 |- Actor Package: /Game/__ExternalActors__/FirstPerson/Maps/FirstPersonMap/1/RN/55P1SMQLAF7OK6300D5I8N
 |- Actor Path: /Game/FirstPerson/Maps/FirstPersonMap.FirstPersonMap:PersistentLevel.VolumetricCloud_0
 |- Actor Package: /Game/__ExternalActors__/FirstPerson/Maps/FirstPersonMap/0/GO/I8WEFD3RY9V3NVQLSU6QM4
 |- Actor Path: /Game/FirstPerson/Maps/FirstPersonMap.FirstPersonMap:PersistentLevel.WorldDataLayers
 |- Actor Package: /Game/__ExternalActors__/FirstPerson/Maps/FirstPersonMap/D/0W/E1FKEGVKGOLM7HGLQPCIPO

----------------------------------------------------------------------------------------------------------------
FirstPersonMap - Runtime Hash Set
----------------------------------------------------------------------------------------------------------------

